AndroidAppTester/Example/NotesList/app/build/outputs/logs/manifest-merger-debug-report.txt
-- Merging decision tree log ---
manifest
ADDED from AndroidManifest.xml:22:1
	package
		ADDED from AndroidManifest.xml:23:5
		INJECTED from AndroidManifest.xml:0:0
		INJECTED from AndroidManifest.xml:0:0
	xmlns:android
		ADDED from AndroidManifest.xml:22:11
uses-sdk
ADDED from AndroidManifest.xml:25:5
	android:targetSdkVersion
		INJECTED from AndroidManifest.xml:0:0
		INJECTED from AndroidManifest.xml:0:0
	android:minSdkVersion
		ADDED from AndroidManifest.xml:25:15
		INJECTED from AndroidManifest.xml:0:0
		INJECTED from AndroidManifest.xml:0:0
application
ADDED from AndroidManifest.xml:27:5
	android:label
		ADDED from AndroidManifest.xml:28:9
	android:icon
		ADDED from AndroidManifest.xml:27:18
provider#com.example.android.notepad.NotePadProvider
ADDED from AndroidManifest.xml:30:9
	android:authorities
		ADDED from AndroidManifest.xml:31:13
	android:exported
		ADDED from AndroidManifest.xml:32:13
	android:name
		ADDED from AndroidManifest.xml:30:19
grant-uri-permission
ADDED from AndroidManifest.xml:33:13
	android:pathPattern
		ADDED from AndroidManifest.xml:33:35
activity#com.example.android.notepad.NotesList
ADDED from AndroidManifest.xml:36:9
	android:label
		ADDED from AndroidManifest.xml:36:44
	android:name
		ADDED from AndroidManifest.xml:36:19
intent-filter#android.intent.action.MAIN+android.intent.category.LAUNCHER
ADDED from AndroidManifest.xml:37:13
action#android.intent.action.MAIN
ADDED from AndroidManifest.xml:38:17
	android:name
		ADDED from AndroidManifest.xml:38:25
category#android.intent.category.LAUNCHER
ADDED from AndroidManifest.xml:39:17
	android:name
		ADDED from AndroidManifest.xml:39:27
intent-filter#android.intent.action.EDIT+android.intent.action.PICK+android.intent.action.VIEW+android.intent.category.DEFAULT
ADDED from AndroidManifest.xml:41:13
action#android.intent.action.VIEW
ADDED from AndroidManifest.xml:42:17
	android:name
		ADDED from AndroidManifest.xml:42:25
action#android.intent.action.EDIT
ADDED from AndroidManifest.xml:43:17
	android:name
		ADDED from AndroidManifest.xml:43:25
action#android.intent.action.PICK
ADDED from AndroidManifest.xml:44:17
	android:name
		ADDED from AndroidManifest.xml:44:25
category#android.intent.category.DEFAULT
ADDED from AndroidManifest.xml:45:17
	android:name
		ADDED from AndroidManifest.xml:45:27
data
ADDED from AndroidManifest.xml:46:17
	android:mimeType
		ADDED from AndroidManifest.xml:46:23
intent-filter#android.intent.action.GET_CONTENT+android.intent.category.DEFAULT
ADDED from AndroidManifest.xml:48:13
action#android.intent.action.GET_CONTENT
ADDED from AndroidManifest.xml:49:17
	android:name
		ADDED from AndroidManifest.xml:49:25
activity#com.example.android.notepad.NoteEditor
ADDED from AndroidManifest.xml:55:9
	android:screenOrientation
		ADDED from AndroidManifest.xml:57:13
	android:configChanges
		ADDED from AndroidManifest.xml:58:13
	android:theme
		ADDED from AndroidManifest.xml:56:13
	android:name
		ADDED from AndroidManifest.xml:55:19
intent-filter#android.intent.action.EDIT+android.intent.action.VIEW+android.intent.category.DEFAULT+com.android.notepad.action.EDIT_NOTE
ADDED from AndroidManifest.xml:62:13
	android:label
		ADDED from AndroidManifest.xml:62:28
action#com.android.notepad.action.EDIT_NOTE
ADDED from AndroidManifest.xml:65:17
	android:name
		ADDED from AndroidManifest.xml:65:25
intent-filter#android.intent.action.INSERT+android.intent.action.PASTE+android.intent.category.DEFAULT
ADDED from AndroidManifest.xml:74:13
action#android.intent.action.INSERT
ADDED from AndroidManifest.xml:75:17
	android:name
		ADDED from AndroidManifest.xml:75:25
action#android.intent.action.PASTE
ADDED from AndroidManifest.xml:76:17
	android:name
		ADDED from AndroidManifest.xml:76:25
activity#com.example.android.notepad.TitleEditor
ADDED from AndroidManifest.xml:83:9
	android:label
		ADDED from AndroidManifest.xml:84:13
	android:windowSoftInputMode
		ADDED from AndroidManifest.xml:87:13
	android:icon
		ADDED from AndroidManifest.xml:85:13
	android:theme
		ADDED from AndroidManifest.xml:86:13
	android:name
		ADDED from AndroidManifest.xml:83:19
intent-filter#android.intent.category.ALTERNATIVE+android.intent.category.DEFAULT+android.intent.category.SELECTED_ALTERNATIVE+com.android.notepad.action.EDIT_TITLE
ADDED from AndroidManifest.xml:92:13
	android:label
		ADDED from AndroidManifest.xml:92:28
action#com.android.notepad.action.EDIT_TITLE
ADDED from AndroidManifest.xml:96:17
	android:name
		ADDED from AndroidManifest.xml:96:25
category#android.intent.category.ALTERNATIVE
ADDED from AndroidManifest.xml:101:17
	android:name
		ADDED from AndroidManifest.xml:101:27
category#android.intent.category.SELECTED_ALTERNATIVE
ADDED from AndroidManifest.xml:104:17
	android:name
		ADDED from AndroidManifest.xml:104:27
activity#com.example.android.notepad.NotesLiveFolder
ADDED from AndroidManifest.xml:110:9
	android:label
		ADDED from AndroidManifest.xml:110:50
	android:icon
		ADDED from AndroidManifest.xml:111:13
	android:name
		ADDED from AndroidManifest.xml:110:19
intent-filter#android.intent.action.CREATE_LIVE_FOLDER+android.intent.category.DEFAULT
ADDED from AndroidManifest.xml:112:13
action#android.intent.action.CREATE_LIVE_FOLDER
ADDED from AndroidManifest.xml:113:17
	android:name
		ADDED from AndroidManifest.xml:113:25